<?xml version="1.0" encoding="UTF-8"?>
<!-- Generated by org.testng.reporters.JUnitReportReporter -->
<testsuite skipped="0" hostname="DESKTOP-EMG3RO4" name="GetCalls.Store" tests="3" failures="0" timestamp="14 Aug 2019 06:00:38 GMT" time="0.148" errors="0">
  <testcase name="ServiceName" time="0.064" classname="GetCalls.Store"/>
  <testcase name="NearServiceStore" time="0.028" classname="GetCalls.Store"/>
  <testcase name="StoreinState" time="0.056" classname="GetCalls.Store"/>
</testsuite> <!-- GetCalls.Store -->
