<?xml version="1.0" encoding="UTF-8"?>
<!-- Generated by org.testng.reporters.JUnitReportReporter -->
<testsuite skipped="0" hostname="DESKTOP-EMG3RO4" name="GetCalls.Product" tests="3" failures="0" timestamp="14 Aug 2019 06:00:38 GMT" time="1.358" errors="0">
  <testcase name="FreeShippingPricebetween" time="0.546" classname="GetCalls.Product"/>
  <testcase name="NameDesc" time="0.124" classname="GetCalls.Product"/>
  <testcase name="PriceSort" time="0.688" classname="GetCalls.Product"/>
</testsuite> <!-- GetCalls.Product -->
