<?xml version="1.0" encoding="UTF-8"?>
<!-- Generated by org.testng.reporters.JUnitReportReporter -->
<testsuite skipped="0" hostname="DESKTOP-EMG3RO4" name="GetCalls.Category" tests="2" failures="0" timestamp="14 Aug 2019 06:00:38 GMT" time="0.070" errors="0">
  <testcase name="Like" time="0.052" classname="GetCalls.Category"/>
  <testcase name="NameOnly" time="0.018" classname="GetCalls.Category"/>
</testsuite> <!-- GetCalls.Category -->
